<?xml version="1.0" encoding="utf-8"?><testsuites name="pytest tests"><testsuite name="pytest" errors="0" failures="0" skipped="0" tests="15" time="7.324" timestamp="2026-07-15T17:07:39.210685+00:00" hostname="agent-env-45bb6eff-e43a-4d54-91f2-4a9de7b65e0e"><testcase classname="tests.backend_test" name="test_state_with_timezone" time="0.878" /><testcase classname="tests.backend_test" name="test_action_with_tag" time="0.102" /><testcase classname="tests.backend_test" name="test_action_milestone_crossing" time="0.122" /><testcase classname="tests.backend_test" name="test_undo_last" time="0.109" /><testcase classname="tests.backend_test" name="test_recent_actions" time="0.138" /><testcase classname="tests.backend_test" name="test_tags_summary" time="0.117" /><testcase classname="tests.backend_test" name="test_patch_settings" time="0.420" /><testcase classname="tests.backend_test" name="test_tasks_crud" time="0.714" /><testcase classname="tests.backend_test" name="test_history_csv" time="0.099" /><testcase classname="tests.backend_test" name="test_week_summary" time="0.208" /><testcase classname="tests.backend_test" name="test_edit_day" time="0.321" /><testcase classname="tests.backend_test" name="test_forgot_and_reset_password" time="2.499" /><testcase classname="tests.backend_test" name="test_forgot_password_unknown_email_ok" time="0.124" /><testcase classname="tests.backend_test" name="test_tag_presets_default_seed_and_crud" time="0.796" /><testcase classname="tests.backend_test" name="test_forgot_password_verified_recipient_email_sent_true" time="0.621" /></testsuite></testsuites>