<?xml version="1.0" encoding="utf-8"?><testsuites name="pytest tests"><testsuite name="pytest" errors="0" failures="0" skipped="0" tests="13" time="7.393" timestamp="2026-07-15T16:51:24.164294+00:00" hostname="agent-env-45bb6eff-e43a-4d54-91f2-4a9de7b65e0e"><testcase classname="tests.backend_test" name="test_state_with_timezone" time="1.937" /><testcase classname="tests.backend_test" name="test_action_with_tag" time="0.139" /><testcase classname="tests.backend_test" name="test_action_milestone_crossing" time="0.120" /><testcase classname="tests.backend_test" name="test_undo_last" time="0.112" /><testcase classname="tests.backend_test" name="test_recent_actions" time="0.114" /><testcase classname="tests.backend_test" name="test_tags_summary" time="0.146" /><testcase classname="tests.backend_test" name="test_patch_settings" time="0.502" /><testcase classname="tests.backend_test" name="test_tasks_crud" time="0.586" /><testcase classname="tests.backend_test" name="test_history_csv" time="0.105" /><testcase classname="tests.backend_test" name="test_week_summary" time="0.107" /><testcase classname="tests.backend_test" name="test_edit_day" time="0.336" /><testcase classname="tests.backend_test" name="test_forgot_and_reset_password" time="1.385" /><testcase classname="tests.backend_test" name="test_forgot_password_unknown_email_ok" time="0.132" /></testsuite></testsuites>